<?xml version="1.0" encoding="UTF-8"?>
<!-- Generated by org.testng.reporters.JUnitXMLReporter -->
<testsuite ignored="0" hostname="LAPTOP-JFICDHPD" failures="0" tests="3" name="FreshWorks - Firefox test" time="231.071" errors="0" timestamp="2024-08-22T20:13:39 IST">
  <testcase classname="webtest.FreshWorksTest" name="freshMorksLogoTest" time="0.088"/>
  <testcase classname="webtest.FreshWorksTest" name="freshWorksTitleTest" time="0.056"/>
  <testcase classname="webtest.FreshWorksTest" name="getFooterLinksTests" time="60.039"/>
</testsuite> <!-- FreshWorks - Firefox test -->
